[debug] [2022-06-20T07:45:00.990Z] ----------------------------------------------------------------------
[debug] [2022-06-20T07:45:00.993Z] Command:       C:\Program Files\nodejs\node.exe C:\Users\SASHIKALA\AppData\Roaming\npm\node_modules\firebase-tools\lib\bin\firebase.js init
[debug] [2022-06-20T07:45:00.994Z] CLI Version:   11.1.0
[debug] [2022-06-20T07:45:00.994Z] Platform:      win32
[debug] [2022-06-20T07:45:00.994Z] Node Version:  v16.14.0
[debug] [2022-06-20T07:45:00.995Z] Time:          Mon Jun 20 2022 13:15:00 GMT+0530 (India Standard Time)
[debug] [2022-06-20T07:45:00.996Z] ----------------------------------------------------------------------
[debug] 
[debug] [2022-06-20T07:45:01.007Z] > command requires scopes: ["email","openid","https://www.googleapis.com/auth/cloudplatformprojects.readonly","https://www.googleapis.com/auth/firebase","https://www.googleapis.com/auth/cloud-platform"]
[debug] [2022-06-20T07:45:01.007Z] > authorizing via signed-in user (sasikalapemmanaboidi15@gmail.com)
[info] 
     ######## #### ########  ######## ########     ###     ######  ########
     ##        ##  ##     ## ##       ##     ##  ##   ##  ##       ##
     ######    ##  ########  ######   ########  #########  ######  ######
     ##        ##  ##    ##  ##       ##     ## ##     ##       ## ##
     ##       #### ##     ## ######## ########  ##     ##  ######  ########

You're about to initialize a Firebase project in this directory:

  C:\Users\SASHIKALA\Desktop\amazon\amazon-clone

[info] 
=== Project Setup
[info] 
[info] First, let's associate this project directory with a Firebase project.
[info] You can create multiple project aliases by running firebase use --add, 
[info] but for now we'll just set up a default project.
[info] 
[debug] [2022-06-20T07:45:42.058Z] >>> [apiv2][query] GET https://firebase.googleapis.com/v1beta1/projects pageSize=100
[debug] [2022-06-20T07:45:42.797Z] <<< [apiv2][status] GET https://firebase.googleapis.com/v1beta1/projects 200
[debug] [2022-06-20T07:45:42.798Z] <<< [apiv2][body] GET https://firebase.googleapis.com/v1beta1/projects [omitted]
[info] i  Using project clone-31c25 (amazon-clone) 
[info] 
=== Hosting Setup
[info] 
[info] Your public directory is the folder (relative to your project directory) that
[info] will contain Hosting assets to be uploaded with firebase deploy. If you
[info] have a build process for your assets, use your build's output directory.
[info] 
[debug] [2022-06-20T07:46:26.063Z] >>> [apiv2][query] GET https://www.gstatic.com/firebasejs/releases.json [none]
[debug] [2022-06-20T07:46:26.220Z] <<< [apiv2][status] GET https://www.gstatic.com/firebasejs/releases.json 200
[debug] [2022-06-20T07:46:26.221Z] <<< [apiv2][body] GET https://www.gstatic.com/firebasejs/releases.json {"current":{"version":"9.8.3","browserURL":"https://www.gstatic.com/firebasejs/9.8.3/firebase.js","packageURL":"https://www.gstatic.com/firebasejs/9.8.3/firebase.tgz"},"live":{"version":"9.8","browserURL":"https://www.gstatic.com/firebasejs/live/9.8/firebase.js","packageURL":"https://www.gstatic.com/firebasejs/live/9.8/firebase.tgz"},"components":{"analytics":"https://www.gstatic.com/firebasejs/9.8.3/firebase-analytics.js","app":"https://www.gstatic.com/firebasejs/9.8.3/firebase-app.js","app-check":"https://www.gstatic.com/firebasejs/9.8.3/firebase-app-check.js","auth":"https://www.gstatic.com/firebasejs/9.8.3/firebase-auth.js","auth/cordova":"https://www.gstatic.com/firebasejs/9.8.3/firebase-auth/cordova.js","auth/react-native":"https://www.gstatic.com/firebasejs/9.8.3/firebase-auth/react-native.js","functions":"https://www.gstatic.com/firebasejs/9.8.3/firebase-functions.js","firestore":"https://www.gstatic.com/firebasejs/9.8.3/firebase-firestore.js","firestore/lite":"https://www.gstatic.com/firebasejs/9.8.3/firebase-firestore/lite.js","storage":"https://www.gstatic.com/firebasejs/9.8.3/firebase-storage.js","performance":"https://www.gstatic.com/firebasejs/9.8.3/firebase-performance.js","remote-config":"https://www.gstatic.com/firebasejs/9.8.3/firebase-remote-config.js","messaging":"https://www.gstatic.com/firebasejs/9.8.3/firebase-messaging.js","messaging/sw":"https://www.gstatic.com/firebasejs/9.8.3/firebase-messaging/sw.js","database":"https://www.gstatic.com/firebasejs/9.8.3/firebase-database.js","firestore.memory":"https://www.gstatic.com/firebasejs/9.8.3/firebase-firestore.memory.js"}}
[info] +  Wrote build/index.html 
[info] 
[info] i  Detected a .git folder at C:\Users\SASHIKALA\Desktop\amazon\amazon-clone 
[info] i  Authorizing with GitHub to upload your service account to a GitHub repository's secrets store. 
[info] 
[info] Visit this URL on this device to log in:
[info] https://github.com/login/oauth/authorize?client_id=89cf50f02ac6aaed3484&state=837489548&redirect_uri=http%3A%2F%2Flocalhost%3A9005&scope=read%3Auser%20repo%20public_repo
[info] 
[info] Waiting for authentication...
[debug] [2022-06-20T07:47:03.898Z] >>> [apiv2][query] POST https://github.com/login/oauth/access_token [none]
[debug] [2022-06-20T07:47:03.898Z] >>> [apiv2][body] POST https://github.com/login/oauth/access_token [stream]
[debug] [2022-06-20T07:47:04.474Z] <<< [apiv2][status] POST https://github.com/login/oauth/access_token 200
[debug] [2022-06-20T07:47:04.475Z] <<< [apiv2][body] POST https://github.com/login/oauth/access_token {"access_token":"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","token_type":"bearer","scope":"read:user,repo"}
[debug] [2022-06-20T07:47:04.540Z] >>> [apiv2][query] GET https://api.github.com/user [none]
[debug] [2022-06-20T07:47:05.022Z] <<< [apiv2][status] GET https://api.github.com/user 200
[debug] [2022-06-20T07:47:05.023Z] <<< [apiv2][body] GET https://api.github.com/user {"login":"Sasikalapemmanaboidi","id":97533699,"node_id":"U_kgDOBdA_Aw","avatar_url":"https://avatars.githubusercontent.com/u/97533699?v=4","gravatar_id":"","url":"https://api.github.com/users/Sasikalapemmanaboidi","html_url":"https://github.com/Sasikalapemmanaboidi","followers_url":"https://api.github.com/users/Sasikalapemmanaboidi/followers","following_url":"https://api.github.com/users/Sasikalapemmanaboidi/following{/other_user}","gists_url":"https://api.github.com/users/Sasikalapemmanaboidi/gists{/gist_id}","starred_url":"https://api.github.com/users/Sasikalapemmanaboidi/starred{/owner}{/repo}","subscriptions_url":"https://api.github.com/users/Sasikalapemmanaboidi/subscriptions","organizations_url":"https://api.github.com/users/Sasikalapemmanaboidi/orgs","repos_url":"https://api.github.com/users/Sasikalapemmanaboidi/repos","events_url":"https://api.github.com/users/Sasikalapemmanaboidi/events{/privacy}","received_events_url":"https://api.github.com/users/Sasikalapemmanaboidi/received_events","type":"User","site_admin":false,"name":"sasikala","company":"Edureka","blog":"","location":"madhavapatnam","email":null,"hireable":null,"bio":"Internship program on Full Stack Web Development","twitter_username":null,"public_repos":14,"public_gists":0,"followers":1,"following":0,"created_at":"2022-01-11T14:40:11Z","updated_at":"2022-06-17T08:47:53Z","private_gists":0,"total_private_repos":1,"owned_private_repos":1,"disk_usage":16292,"collaborators":0,"two_factor_authentication":false,"plan":{"name":"free","space":976562499,"collaborators":0,"private_repos":10000}}
[info] 
[info] +  Success! Logged into GitHub as Sasikalapemmanaboidi 
[info] 
[debug] [2022-06-20T07:48:17.273Z] >>> [apiv2][query] GET https://api.github.com/repos//actions/secrets/public-key type=owner
[debug] [2022-06-20T07:48:17.699Z] <<< [apiv2][status] GET https://api.github.com/repos//actions/secrets/public-key 404
[debug] [2022-06-20T07:48:17.699Z] <<< [apiv2][body] GET https://api.github.com/repos//actions/secrets/public-key {"message":"Not Found","documentation_url":"https://docs.github.com/rest"}
